This is pdfTeX, Version 3.141592653-2.6-1.40.22 (TeX Live 2022/dev/Debian) (preloaded format=pdflatex 2022.11.23)  7 DEC 2022 11:45
entering extended mode
 restricted \write18 enabled.
 file:line:error style messages enabled.
 %&-line parsing enabled.
**/home/stefano/Documents/Uni/Chimica/Appunti/main.tex
(/home/stefano/Documents/Uni/Chimica/Appunti/main.tex
LaTeX2e <2021-11-15> patch level 1
L3 programming layer <2022-01-21> (/usr/share/texlive/texmf-dist/tex/latex/base/article.cls
Document Class: article 2021/10/04 v1.4n Standard LaTeX document class
(/usr/share/texlive/texmf-dist/tex/latex/base/size12.clo
File: size12.clo 2021/10/04 v1.4n Standard LaTeX file (size option)
)
\c@part=\count185
\c@section=\count186
\c@subsection=\count187
\c@subsubsection=\count188
\c@paragraph=\count189
\c@subparagraph=\count190
\c@figure=\count191
\c@table=\count192
\abovecaptionskip=\skip47
\belowcaptionskip=\skip48
\bibindent=\dimen138
) (/usr/share/texlive/texmf-dist/tex/latex/amsmath/amsmath.sty
Package: amsmath 2021/10/15 v2.17l AMS math features
\@mathmargin=\skip49

For additional information on amsmath, use the `?' option.
(/usr/share/texlive/texmf-dist/tex/latex/amsmath/amstext.sty
Package: amstext 2021/08/26 v2.01 AMS text
 (/usr/share/texlive/texmf-dist/tex/latex/amsmath/amsgen.sty
File: amsgen.sty 1999/11/30 v2.0 generic functions
\@emptytoks=\toks16
\ex@=\dimen139
)) (/usr/share/texlive/texmf-dist/tex/latex/amsmath/amsbsy.sty
Package: amsbsy 1999/11/29 v1.2d Bold Symbols
\pmbraise@=\dimen140
) (/usr/share/texlive/texmf-dist/tex/latex/amsmath/amsopn.sty
Package: amsopn 2021/08/26 v2.02 operator names
)
\inf@bad=\count193
LaTeX Info: Redefining \frac on input line 234.
\uproot@=\count194
\leftroot@=\count195
LaTeX Info: Redefining \overline on input line 399.
\classnum@=\count196
\DOTSCASE@=\count197
LaTeX Info: Redefining \ldots on input line 496.
LaTeX Info: Redefining \dots on input line 499.
LaTeX Info: Redefining \cdots on input line 620.
\Mathstrutbox@=\box50
\strutbox@=\box51
\big@size=\dimen141
LaTeX Font Info:    Redeclaring font encoding OML on input line 743.
LaTeX Font Info:    Redeclaring font encoding OMS on input line 744.
\macc@depth=\count198
\c@MaxMatrixCols=\count199
\dotsspace@=\muskip16
\c@parentequation=\count266
\dspbrk@lvl=\count267
\tag@help=\toks17
\row@=\count268
\column@=\count269
\maxfields@=\count270
\andhelp@=\toks18
\eqnshift@=\dimen142
\alignsep@=\dimen143
\tagshift@=\dimen144
\tagwidth@=\dimen145
\totwidth@=\dimen146
\lineht@=\dimen147
\@envbody=\toks19
\multlinegap=\skip50
\multlinetaggap=\skip51
\mathdisplay@stack=\toks20
LaTeX Info: Redefining \[ on input line 2938.
LaTeX Info: Redefining \] on input line 2939.
) (/usr/share/texlive/texmf-dist/tex/latex/graphics/graphicx.sty
Package: graphicx 2021/09/16 v1.2d Enhanced LaTeX Graphics (DPC,SPQR)
 (/usr/share/texlive/texmf-dist/tex/latex/graphics/keyval.sty
Package: keyval 2014/10/28 v1.15 key=value parser (DPC)
\KV@toks@=\toks21
) (/usr/share/texlive/texmf-dist/tex/latex/graphics/graphics.sty
Package: graphics 2021/03/04 v1.4d Standard LaTeX Graphics (DPC,SPQR)
 (/usr/share/texlive/texmf-dist/tex/latex/graphics/trig.sty
Package: trig 2021/08/11 v1.11 sin cos tan (DPC)
) (/usr/share/texlive/texmf-dist/tex/latex/graphics-cfg/graphics.cfg
File: graphics.cfg 2016/06/04 v1.11 sample graphics configuration
)
Package graphics Info: Driver file: pdftex.def on input line 107.
 (/usr/share/texlive/texmf-dist/tex/latex/graphics-def/pdftex.def
File: pdftex.def 2020/10/05 v1.2a Graphics/color driver for pdftex
))
\Gin@req@height=\dimen148
\Gin@req@width=\dimen149
) (/usr/share/texlive/texmf-dist/tex/latex/subfiles/subfiles.sty
Package: subfiles 2020/11/14 v2.2 Multi-file projects (package)
 (/usr/share/texlive/texmf-dist/tex/latex/import/import.sty
Package: import 2020/04/01  v 6.2
)) (/usr/share/texlive/texmf-dist/tex/latex/l3backend/l3backend-pdftex.def
File: l3backend-pdftex.def 2022-01-12 L3 backend support: PDF output (pdfTeX)
\l__color_backend_stack_int=\count271
\l__pdf_internal_box=\box52
) (./main.aux)
\openout1 = `main.aux'.

LaTeX Font Info:    Checking defaults for OML/cmm/m/it on input line 7.
LaTeX Font Info:    ... okay on input line 7.
LaTeX Font Info:    Checking defaults for OMS/cmsy/m/n on input line 7.
LaTeX Font Info:    ... okay on input line 7.
LaTeX Font Info:    Checking defaults for OT1/cmr/m/n on input line 7.
LaTeX Font Info:    ... okay on input line 7.
LaTeX Font Info:    Checking defaults for T1/cmr/m/n on input line 7.
LaTeX Font Info:    ... okay on input line 7.
LaTeX Font Info:    Checking defaults for TS1/cmr/m/n on input line 7.
LaTeX Font Info:    ... okay on input line 7.
LaTeX Font Info:    Checking defaults for OMX/cmex/m/n on input line 7.
LaTeX Font Info:    ... okay on input line 7.
LaTeX Font Info:    Checking defaults for U/cmr/m/n on input line 7.
LaTeX Font Info:    ... okay on input line 7.
 (/usr/share/texlive/texmf-dist/tex/context/base/mkii/supp-pdf.mkii
[Loading MPS to PDF converter (version 2006.09.02).]
\scratchcounter=\count272
\scratchdimen=\dimen150
\scratchbox=\box53
\nofMPsegments=\count273
\nofMParguments=\count274
\everyMPshowfont=\toks22
\MPscratchCnt=\count275
\MPscratchDim=\dimen151
\MPnumerator=\count276
\makeMPintoPDFobject=\count277
\everyMPtoPDFconversion=\toks23
) (/usr/share/texlive/texmf-dist/tex/latex/epstopdf-pkg/epstopdf-base.sty
Package: epstopdf-base 2020-01-24 v2.11 Base part for package epstopdf
Package epstopdf-base Info: Redefining graphics rule for `.eps' on input line 485.
 (/usr/share/texlive/texmf-dist/tex/latex/latexconfig/epstopdf-sys.cfg
File: epstopdf-sys.cfg 2010/07/13 v1.3 Configuration of (r)epstopdf for TeX Live
)) (./main.toc [1

{/var/lib/texmf/fonts/map/pdftex/updmap/pdftex.map}] [2] [3] [4])
\tf@toc=\write3
\openout3 = `main.toc'.

 (./chapters/chapter_1/chapter_1.tex [5]) (./chapters/chapter_2/chapter_2.tex [6]
Overfull \hbox (6.85005pt too wide) in paragraph at lines 20--22
\OT1/cmr/m/n/12 La prima legge della chim-ica, nulla si crea, nulla si dis-trugge, tutto si trasforma. 
 []

[7] [8]
Underfull \hbox (badness 10000) in paragraph at lines 58--74

 []

[9]
Underfull \hbox (badness 10000) in paragraph at lines 93--100

 []

[10]
Overfull \hbox (7.9292pt too wide) in paragraph at lines 104--108
\OT1/cmr/m/n/12 dell'altro el-e-mento e as-sume car-ica neg-a-tiva (-), in-oltre viene chiam-ato Catione. 
 []


Underfull \hbox (badness 10000) in paragraph at lines 104--108

 []


Underfull \hbox (badness 10000) in paragraph at lines 108--112

 []


Underfull \hbox (badness 10000) in paragraph at lines 113--114

 []


Underfull \hbox (badness 10000) in paragraph at lines 115--116

 []


Underfull \hbox (badness 10000) in paragraph at lines 116--139

 []

[11] [12]) (./chapters/chapter_3/chapter_3.tex [13] [14]) (./chapters/chapter_4/chapter_4.tex
Underfull \hbox (badness 10000) in paragraph at lines 3--8

 []


Underfull \hbox (badness 10000) in paragraph at lines 3--8

 []


Underfull \hbox (badness 10000) in paragraph at lines 9--18

 []

[15]
Underfull \hbox (badness 10000) in paragraph at lines 19--28

 []

[16]
Overfull \hbox (0.41687pt too wide) in paragraph at lines 40--49
\OT1/cmr/m/n/12 I met-alli sono tipi-ca-mente ridu-centi e ten-odno a cedere elet-troni nelle reazioni. 
 []


Overfull \hbox (36.22113pt too wide) in paragraph at lines 57--57
[]\OT1/cmr/bx/n/14.4 Secondo metodo di clas-si-fi-cazioni delle reazioni chimiche 
 []

[17]) (./chapters/chapter_5/chapter_5.tex
Underfull \hbox (badness 10000) in paragraph at lines 68--1

 []


Underfull \hbox (badness 10000) in paragraph at lines 68--1

 []

[18]
Underfull \hbox (badness 10000) in paragraph at lines 8--10

 []


Underfull \hbox (badness 10000) in paragraph at lines 10--13

 []


Underfull \hbox (badness 10000) in paragraph at lines 10--13

 []


Underfull \hbox (badness 10000) in paragraph at lines 13--23

 []

[19] [20]
Underfull \hbox (badness 10000) in paragraph at lines 46--48

 []


Underfull \hbox (badness 10000) in paragraph at lines 51--55

 []


Underfull \hbox (badness 10000) in paragraph at lines 61--68

 []

[21]) (./chapters/chapter_6/chapter_6.tex [22]
Underfull \hbox (badness 10000) in paragraph at lines 20--38

 []


Underfull \hbox (badness 10000) in paragraph at lines 20--38

 []


Underfull \hbox (badness 10000) in paragraph at lines 20--38

 []

[23]
Underfull \hbox (badness 10000) in paragraph at lines 49--52

 []


Overfull \hbox (0.41817pt too wide) in paragraph at lines 49--52
\OT1/cmr/m/n/12 Un metodo per reg-is-trare la vari-azione di en-talpia per una par-ti-co-lare reazione
 []

[24]
Overfull \hbox (14.8444pt too wide) in paragraph at lines 53--61
\OT1/cmr/m/n/12 Utilizzata per cal-co-lare la vari-azione di en-talpia senza dover es-eguire l'operazione
 []

) (./chapters/chapter_7/chapter_7.tex
Underfull \hbox (badness 10000) in paragraph at lines 62--1

 []


Underfull \hbox (badness 10000) in paragraph at lines 62--1

 []


Underfull \hbox (badness 10000) in paragraph at lines 62--1

 []

[25]
Underfull \hbox (badness 10000) in paragraph at lines 7--17

 []

[26] [27]
Underfull \hbox (badness 10000) in paragraph at lines 25--47

 []


Underfull \hbox (badness 10000) in paragraph at lines 25--47

 []


Underfull \hbox (badness 10000) in paragraph at lines 25--47

 []


Underfull \hbox (badness 10000) in paragraph at lines 25--47

 []


Underfull \hbox (badness 10000) in paragraph at lines 25--47

 []

[28] [29]
Overfull \hbox (8.80836pt too wide) in paragraph at lines 62--66
\OT1/cmr/m/n/12 Dato questo du-al-ismo ^^Re im-pos-si-bile conoscere la po-sizione pre-cisa dell'elettrone.
 []

[30]
Underfull \hbox (badness 10000) in paragraph at lines 71--92

 []


Underfull \hbox (badness 10000) in paragraph at lines 71--92

 []


Underfull \hbox (badness 10000) in paragraph at lines 71--92

 []


Underfull \hbox (badness 10000) in paragraph at lines 71--92

 []

[31] [32]) (./chapters/chapter_8/chapter_8.tex
Underfull \hbox (badness 10000) in paragraph at lines 3--24

 []


Underfull \hbox (badness 10000) in paragraph at lines 3--24

 []


Underfull \hbox (badness 10000) in paragraph at lines 3--24

 []


Underfull \hbox (badness 10000) in paragraph at lines 3--24

 []


Underfull \hbox (badness 10000) in paragraph at lines 3--24

 []

[33]
Underfull \hbox (badness 10000) in paragraph at lines 25--86

 []


Underfull \hbox (badness 10000) in paragraph at lines 25--86

 []


Underfull \hbox (badness 10000) in paragraph at lines 25--86

 []


Underfull \hbox (badness 10000) in paragraph at lines 25--86

 []


Underfull \hbox (badness 10000) in paragraph at lines 25--86

 []


Underfull \hbox (badness 10000) in paragraph at lines 25--86

 []


Underfull \hbox (badness 10000) in paragraph at lines 25--86

 []


Underfull \hbox (badness 10000) in paragraph at lines 25--86

 []


Underfull \hbox (badness 10000) in paragraph at lines 25--86

 []


Underfull \hbox (badness 10000) in paragraph at lines 25--86

 []


Underfull \hbox (badness 10000) in paragraph at lines 25--86

 []


Underfull \hbox (badness 10000) in paragraph at lines 25--86

 []

[34] [35] [36]
Underfull \hbox (badness 10000) in paragraph at lines 88--94

 []

[37]
Underfull \hbox (badness 10000) in paragraph at lines 95--105

 []


Underfull \hbox (badness 10000) in paragraph at lines 95--105

 []


Underfull \hbox (badness 10000) in paragraph at lines 106--111

 []

[38]
Underfull \hbox (badness 10000) in paragraph at lines 112--124

 []


Underfull \hbox (badness 10000) in paragraph at lines 112--124

 []


Underfull \hbox (badness 10000) in paragraph at lines 125--135

 []


Underfull \hbox (badness 10000) in paragraph at lines 125--135

 []

[39]
Underfull \hbox (badness 10000) in paragraph at lines 135--138

 []


Underfull \hbox (badness 10000) in paragraph at lines 138--143

 []


Underfull \hbox (badness 10000) in paragraph at lines 143--148

 []

[40]
Underfull \hbox (badness 10000) in paragraph at lines 148--156

 []

) (./chapters/chapter_9/chapter_9.tex
Underfull \hbox (badness 10000) in paragraph at lines 156--1

 []

[41]
Underfull \hbox (badness 10000) in paragraph at lines 12--19

 []

[42]
Underfull \hbox (badness 10000) in paragraph at lines 20--32

 []


Underfull \hbox (badness 10000) in paragraph at lines 20--32

 []

[43]
Underfull \hbox (badness 10000) in paragraph at lines 36--53

 []


Underfull \hbox (badness 10000) in paragraph at lines 36--53

 []

[44]
Underfull \hbox (badness 10000) in paragraph at lines 57--72

 []


Underfull \hbox (badness 10000) in paragraph at lines 57--72

 []

[45]
Underfull \hbox (badness 10000) in paragraph at lines 73--85

 []


Underfull \hbox (badness 10000) in paragraph at lines 73--85

 []

) (./chapters/chapter_10/chapter_10.tex [46]) (./chapters/chapter_11/chapter_11.tex) (./chapters/chapter_12/chapter_12.tex
Overfull \hbox (3.63177pt too wide) in paragraph at lines 1--1
[]\OT1/cmr/bx/n/17.28 Forze in-ter-moleco-lari, liq-uidi, so-lidi e tran-
 []

) (./chapters/chapter_13/chapter_13.tex) (./chapters/chapter_14/chapter_14.tex [47]
Overfull \hbox (8.19171pt too wide) in paragraph at lines 1--1
[]\OT1/cmr/bx/n/17.28 L'equilibrio, l'entit^^Ra delle reazioni chimiche 
 []

) (./chapters/chapter_15/chapter_15.tex
Overfull \hbox (28.65375pt too wide) in paragraph at lines 1--1
[]\OT1/cmr/bx/n/17.28 Equilibri acido-base e di sol-u-bilit^^Ra in soluzioni
 []

) (./chapters/chapter_16/chapter_16.tex) (./chapters/chapter_17/chapter_17.tex) (./chapters/chapter_18/chapter_18.tex) (./chapters/chapter_19/chapter_19.tex) [48] (./main.aux) ) 
Here is how much of TeX's memory you used:
 2241 strings out of 480247
 37414 string characters out of 5896150
 335705 words of memory out of 5000000
 20097 multiletter control sequences out of 15000+600000
 475889 words of font info for 51 fonts, out of 8000000 for 9000
 14 hyphenation exceptions out of 8191
 55i,8n,62p,697b,193s stack positions out of 5000i,500n,10000p,200000b,80000s
 </home/stefano/.texlive2021/texmf-var/fonts/pk/ljfour/jknappen/ec/tcrm1200.600pk></usr/share/texlive/texmf-dist/fonts/type1/public/amsfonts/cm/cmbx12.pfb></usr/share/texlive/texmf-dist/fonts/type1/public/amsfonts/cm/cmex10.pfb></usr/share/texlive/texmf-dist/fonts/type1/public/amsfonts/cm/cmmi12.pfb></usr/share/texlive/texmf-dist/fonts/type1/public/amsfonts/cm/cmmi6.pfb></usr/share/texlive/texmf-dist/fonts/type1/public/amsfonts/cm/cmmi8.pfb></usr/share/texlive/texmf-dist/fonts/type1/public/amsfonts/cm/cmr12.pfb></usr/share/texlive/texmf-dist/fonts/type1/public/amsfonts/cm/cmr17.pfb></usr/share/texlive/texmf-dist/fonts/type1/public/amsfonts/cm/cmr6.pfb></usr/share/texlive/texmf-dist/fonts/type1/public/amsfonts/cm/cmr8.pfb></usr/share/texlive/texmf-dist/fonts/type1/public/amsfonts/cm/cmsy10.pfb></usr/share/texlive/texmf-dist/fonts/type1/public/amsfonts/cm/cmsy6.pfb></usr/share/texlive/texmf-dist/fonts/type1/public/amsfonts/cm/cmsy8.pfb>
Output written on main.pdf (48 pages, 232510 bytes).
PDF statistics:
 225 PDF objects out of 1000 (max. 8388607)
 148 compressed objects within 2 object streams
 0 named destinations out of 1000 (max. 500000)
 1 words of extra memory for PDF output out of 10000 (max. 10000000)

